
    Evaluating External Test Dependencies .............................................................................
    Evaluating System Dependencies ....................................................................................

The following dependencies are needed and will be installed: 

- libpcre3-dev
- yasm
- nasm
- scons
- meson
- libglew-dev
- libprotobuf-dev
- libboost-all-dev
- libasio-dev
- libboost-iostreams-dev
- mesa-utils
- vulkan-tools
- unzip
- apt-file

This process may take several minutes.

There are dependencies still missing from the system:
- C++ Boost
- Meson Build System
- Nasm Assembler
- OpenGL Extension Wrangler
- Perl Compatible Regular Expressions
- Protobuf
- SCons
- Yasm Assembler

[1m1: [0mIgnore missing dependencies and proceed with installation.
[1m2: [0mSkip installing the tests with missing dependencies.
[1m3: [0mRe-attempt to install the missing dependencies.
[1m4: [0mQuit the current Phoronix Test Suite process.

The following dependencies are needed and will be installed: 

- libpcre3-dev
- yasm
- nasm
- scons
- meson
- libglew-dev
- libprotobuf-dev
- libboost-all-dev
- libasio-dev
- libboost-iostreams-dev

This process may take several minutes.

[1;32mPhoronix Test Suite v10.8.4[0m
[1;32m[0m
    [1mInstalled:[0m     pts/build-apache-1.6.1
    [1mInstalled:[0m     pts/build-php-1.7.0
    [1mInstalled:[0m     pts/build-eigen-1.2.0
    [1mInstalled:[0m     pts/build-linux-kernel-1.16.0
    [1mInstalled:[0m     pts/build-imagemagick-1.7.2
    [1mInstalled:[0m     pts/build-gcc-1.4.0
    [1mInstalled:[0m     pts/build-gdb-1.1.0
    [1mInstalled:[0m     pts/build-llvm-1.5.0
    [1mInstalled:[0m     pts/build-ffmpeg-7.0.0
    [1mInstalled:[0m     pts/build-mplayer-1.5.0
    [1mInstalled:[0m     pts/build2-1.3.0
    [1mInstalled:[0m     pts/build-python-1.0.0
    [1mInstalled:[0m     pts/build-godot-4.0.0
    [1mInstalled:[0m     pts/build-erlang-1.2.0
    [1mTo Install:[0m    pts/build-wasmer-1.2.0
    [1mInstalled:[0m     pts/build-nodejs-1.4.0
    [1mInstalled:[0m     pts/build-mesa-1.1.0
    [1mInstalled:[0m     pts/build-gem5-1.1.0

    Determining File Requirements .....................................................................................
    Searching Download Caches .........................................................................................

    1 Test To Install
        930MB Of Disk Space Is Needed
        1 Minute, 31 Seconds Estimated Install Time

    [1;36mpts/build-wasmer-1.2.0[0m:
        Test Installation 1 of 1
        1 File Needed [4.76 MB / 1 Minute]
        [1mFile Found[0m: wasmer-2.3.0.tar.gz                                                                        [4.76MB]
        [1mApproximate Install Size: [0m930 MB
        [1mEstimated Install Time: [0m1 Minute, 31 Seconds
        Installing Test @ 09:52:19
            [1;31mThe installer exited with a non-zero exit status.[0m
            [1;31mERROR: error: could not compile `corosensei` (lib) due to 1 previous error[0m
            [1;31mLOG: ~/.phoronix-test-suite/installed-tests/pts/build-wasmer-1.2.0/install-failed.log
[0m
[1;31m
    [PROBLEM] pts/build-wasmer-1.2.0 is not installed. [0m

[1;32mSystem Information[0m


  [1;30mPROCESSOR[0m:              [1;32mrv64imafdc_zicntr_zicsr_zifencei_zihpm_xtheadvector[0m
    [1mCore Count[0m:           64               

  [1;30mGRAPHICS[0m:               [1;32mradeondrmfb[0m
    [1mScreen[0m:               1920x1080        

  [1;30mMOTHERBOARD[0m:            [1;32mSophgo Mango[0m

  [1;30mMEMORY[0m:                 [1;32m128GB[0m

  [1;30mDISK[0m:                   [1;32m1024GB FORESEE XP1000F001T[0m
    [1mFile-System[0m:          ext4             
    [1mMount Options[0m:        noatime rw       
    [1mDisk Scheduler[0m:       MQ-DEADLINE      
    [1mDisk Details[0m:         Block Size: 4096 

  [1;30mOPERATING SYSTEM[0m:       [1;32mDebian GNU/Linux trixie/sid[0m
    [1mKernel[0m:               6.6.56-pioneer (riscv64)  
    [1mDisplay Server[0m:       X Server 1.21.1.14        
    [1mCompiler[0m:             GCC 14.2.0 + Clang 19.1.5 

    [1mWould you like to save these test results (Y/n): [0m
    [1mRecently Saved Test Results:[0m
       2312207-NE-2312106NE29   [1 day old]
       2503058-NE-HIFIVEPRE63   [2 days old]
       2206040-NE-RISCVSIFI55   [2 days old]
       test                     [3 days old]

